<?xml version="1.0" encoding="UTF-8"?>
<testsuite name="com.example.howtodoinjava.springbootsoapservice.SpringBootSoapServerApplicationTests" tests="1" skipped="0" failures="0" errors="0" timestamp="2019-01-24T11:08:01" hostname="XCJ-NEWPC" time="0.393">
  <properties/>
  <testcase name="contextLoads" classname="com.example.howtodoinjava.springbootsoapservice.SpringBootSoapServerApplicationTests" time="0.393"/>
  <system-out><![CDATA[20:07:57.745 [Test worker] DEBUG org.springframework.test.context.junit4.SpringJUnit4ClassRunner - SpringJUnit4ClassRunner constructor called with [class com.example.howtodoinjava.springbootsoapservice.SpringBootSoapServerApplicationTests]
20:07:57.760 [Test worker] DEBUG org.springframework.test.context.BootstrapUtils - Instantiating CacheAwareContextLoaderDelegate from class [org.springframework.test.context.cache.DefaultCacheAwareContextLoaderDelegate]
20:07:57.770 [Test worker] DEBUG org.springframework.test.context.BootstrapUtils - Instantiating BootstrapContext using constructor [public org.springframework.test.context.support.DefaultBootstrapContext(java.lang.Class,org.springframework.test.context.CacheAwareContextLoaderDelegate)]
20:07:57.788 [Test worker] DEBUG org.springframework.test.context.BootstrapUtils - Instantiating TestContextBootstrapper for test class [com.example.howtodoinjava.springbootsoapservice.SpringBootSoapServerApplicationTests] from class [org.springframework.boot.test.context.SpringBootTestContextBootstrapper]
20:07:57.801 [Test worker] INFO org.springframework.boot.test.context.SpringBootTestContextBootstrapper - Neither @ContextConfiguration nor @ContextHierarchy found for test class [com.example.howtodoinjava.springbootsoapservice.SpringBootSoapServerApplicationTests], using SpringBootContextLoader
20:07:57.805 [Test worker] DEBUG org.springframework.test.context.support.AbstractContextLoader - Did not detect default resource location for test class [com.example.howtodoinjava.springbootsoapservice.SpringBootSoapServerApplicationTests]: class path resource [com/example/howtodoinjava/springbootsoapservice/SpringBootSoapServerApplicationTests-context.xml] does not exist
20:07:57.806 [Test worker] DEBUG org.springframework.test.context.support.AbstractContextLoader - Did not detect default resource location for test class [com.example.howtodoinjava.springbootsoapservice.SpringBootSoapServerApplicationTests]: class path resource [com/example/howtodoinjava/springbootsoapservice/SpringBootSoapServerApplicationTestsContext.groovy] does not exist
20:07:57.806 [Test worker] INFO org.springframework.test.context.support.AbstractContextLoader - Could not detect default resource locations for test class [com.example.howtodoinjava.springbootsoapservice.SpringBootSoapServerApplicationTests]: no resource found for suffixes {-context.xml, Context.groovy}.
20:07:57.807 [Test worker] INFO org.springframework.test.context.support.AnnotationConfigContextLoaderUtils - Could not detect default configuration classes for test class [com.example.howtodoinjava.springbootsoapservice.SpringBootSoapServerApplicationTests]: SpringBootSoapServerApplicationTests does not declare any static, non-private, non-final, nested classes annotated with @Configuration.
20:07:57.862 [Test worker] DEBUG org.springframework.test.context.support.ActiveProfilesUtils - Could not find an 'annotation declaring class' for annotation type [org.springframework.test.context.ActiveProfiles] and class [com.example.howtodoinjava.springbootsoapservice.SpringBootSoapServerApplicationTests]
20:07:57.955 [Test worker] DEBUG org.springframework.context.annotation.ClassPathScanningCandidateComponentProvider - Identified candidate component class: file [C:\sts-4.1.0.RELEASE\workspace\spring-boot-soap-gradle\build\classes\java\main\com\example\howtodoinjava\springbootsoapservice\SpringBootSoapServerApplication.class]
20:07:57.964 [Test worker] INFO org.springframework.boot.test.context.SpringBootTestContextBootstrapper - Found @SpringBootConfiguration com.example.howtodoinjava.springbootsoapservice.SpringBootSoapServerApplication for test class com.example.howtodoinjava.springbootsoapservice.SpringBootSoapServerApplicationTests
20:07:58.092 [Test worker] DEBUG org.springframework.boot.test.context.SpringBootTestContextBootstrapper - @TestExecutionListeners is not present for class [com.example.howtodoinjava.springbootsoapservice.SpringBootSoapServerApplicationTests]: using defaults.
20:07:58.094 [Test worker] INFO org.springframework.boot.test.context.SpringBootTestContextBootstrapper - Loaded default TestExecutionListener class names from location [META-INF/spring.factories]: [org.springframework.boot.test.autoconfigure.restdocs.RestDocsTestExecutionListener, org.springframework.boot.test.autoconfigure.web.client.MockRestServiceServerResetTestExecutionListener, org.springframework.boot.test.autoconfigure.web.servlet.MockMvcPrintOnlyOnFailureTestExecutionListener, org.springframework.boot.test.autoconfigure.web.servlet.WebDriverTestExecutionListener, org.springframework.boot.test.mock.mockito.MockitoTestExecutionListener, org.springframework.boot.test.mock.mockito.ResetMocksTestExecutionListener, org.springframework.test.context.web.ServletTestExecutionListener, org.springframework.test.context.support.DirtiesContextBeforeModesTestExecutionListener, org.springframework.test.context.support.DependencyInjectionTestExecutionListener, org.springframework.test.context.support.DirtiesContextTestExecutionListener, org.springframework.test.context.transaction.TransactionalTestExecutionListener, org.springframework.test.context.jdbc.SqlScriptsTestExecutionListener]
20:07:58.107 [Test worker] DEBUG org.springframework.boot.test.context.SpringBootTestContextBootstrapper - Skipping candidate TestExecutionListener [org.springframework.test.context.transaction.TransactionalTestExecutionListener] due to a missing dependency. Specify custom listener classes or make the default listener classes and their required dependencies available. Offending class: [org/springframework/transaction/interceptor/TransactionAttributeSource]
20:07:58.109 [Test worker] DEBUG org.springframework.boot.test.context.SpringBootTestContextBootstrapper - Skipping candidate TestExecutionListener [org.springframework.test.context.jdbc.SqlScriptsTestExecutionListener] due to a missing dependency. Specify custom listener classes or make the default listener classes and their required dependencies available. Offending class: [org/springframework/transaction/interceptor/TransactionAttribute]
20:07:58.109 [Test worker] INFO org.springframework.boot.test.context.SpringBootTestContextBootstrapper - Using TestExecutionListeners: [org.springframework.test.context.web.ServletTestExecutionListener@32a5c95, org.springframework.test.context.support.DirtiesContextBeforeModesTestExecutionListener@496d2039, org.springframework.boot.test.mock.mockito.MockitoTestExecutionListener@3fedf229, org.springframework.boot.test.autoconfigure.SpringBootDependencyInjectionTestExecutionListener@6d56c418, org.springframework.test.context.support.DirtiesContextTestExecutionListener@3cc9f3d3, org.springframework.boot.test.autoconfigure.restdocs.RestDocsTestExecutionListener@1c05709b, org.springframework.boot.test.autoconfigure.web.client.MockRestServiceServerResetTestExecutionListener@4ca9a588, org.springframework.boot.test.autoconfigure.web.servlet.MockMvcPrintOnlyOnFailureTestExecutionListener@1704de01, org.springframework.boot.test.autoconfigure.web.servlet.WebDriverTestExecutionListener@6420f059, org.springframework.boot.test.mock.mockito.ResetMocksTestExecutionListener@5316c5ee]
20:07:58.113 [Test worker] DEBUG org.springframework.test.annotation.ProfileValueUtils - Retrieved @ProfileValueSourceConfiguration [null] for test class [com.example.howtodoinjava.springbootsoapservice.SpringBootSoapServerApplicationTests]
20:07:58.114 [Test worker] DEBUG org.springframework.test.annotation.ProfileValueUtils - Retrieved ProfileValueSource type [class org.springframework.test.annotation.SystemProfileValueSource] for class [com.example.howtodoinjava.springbootsoapservice.SpringBootSoapServerApplicationTests]
20:07:58.115 [Test worker] DEBUG org.springframework.test.annotation.ProfileValueUtils - Retrieved @ProfileValueSourceConfiguration [null] for test class [com.example.howtodoinjava.springbootsoapservice.SpringBootSoapServerApplicationTests]
20:07:58.115 [Test worker] DEBUG org.springframework.test.annotation.ProfileValueUtils - Retrieved ProfileValueSource type [class org.springframework.test.annotation.SystemProfileValueSource] for class [com.example.howtodoinjava.springbootsoapservice.SpringBootSoapServerApplicationTests]
20:07:58.121 [Test worker] DEBUG org.springframework.test.context.support.AbstractDirtiesContextTestExecutionListener - Before test class: context [DefaultTestContext@26b2a21a testClass = SpringBootSoapServerApplicationTests, testInstance = [null], testMethod = [null], testException = [null], mergedContextConfiguration = [WebMergedContextConfiguration@6c113616 testClass = SpringBootSoapServerApplicationTests, locations = '{}', classes = '{class com.example.howtodoinjava.springbootsoapservice.SpringBootSoapServerApplication}', contextInitializerClasses = '[]', activeProfiles = '{}', propertySourceLocations = '{}', propertySourceProperties = '{org.springframework.boot.test.context.SpringBootTestContextBootstrapper=true}', contextCustomizers = set[org.springframework.boot.test.autoconfigure.properties.PropertyMappingContextCustomizer@0, org.springframework.boot.test.autoconfigure.web.servlet.WebDriverContextCustomizerFactory$Customizer@48b3f0d6, org.springframework.boot.test.context.filter.ExcludeFilterContextCustomizer@2c37f317, org.springframework.boot.test.json.DuplicateJsonObjectContextCustomizerFactory$DuplicateJsonObjectContextCustomizer@7a0d4bb1, org.springframework.boot.test.mock.mockito.MockitoContextCustomizer@0, org.springframework.boot.test.web.client.TestRestTemplateContextCustomizer@42fb49bf], resourceBasePath = 'src/main/webapp', contextLoader = 'org.springframework.boot.test.context.SpringBootContextLoader', parent = [null]], attributes = map['org.springframework.test.context.web.ServletTestExecutionListener.activateListener' -> true]], class annotated with @DirtiesContext [false] with mode [null].
20:07:58.122 [Test worker] DEBUG org.springframework.test.annotation.ProfileValueUtils - Retrieved @ProfileValueSourceConfiguration [null] for test class [com.example.howtodoinjava.springbootsoapservice.SpringBootSoapServerApplicationTests]
20:07:58.123 [Test worker] DEBUG org.springframework.test.annotation.ProfileValueUtils - Retrieved ProfileValueSource type [class org.springframework.test.annotation.SystemProfileValueSource] for class [com.example.howtodoinjava.springbootsoapservice.SpringBootSoapServerApplicationTests]
20:07:58.150 [Test worker] DEBUG org.springframework.test.context.support.TestPropertySourceUtils - Adding inlined properties to environment: {spring.jmx.enabled=false, org.springframework.boot.test.context.SpringBootTestContextBootstrapper=true, server.port=-1}

  .   ____          _            __ _ _
 /\\ / ___'_ __ _ _(_)_ __  __ _ \ \ \ \
( ( )\___ | '_ | '_| | '_ \/ _` | \ \ \ \
 \\/  ___)| |_)| | | | | || (_| |  ) ) ) )
  '  |____| .__|_| |_|_| |_\__, | / / / /
 =========|_|==============|___/=/_/_/_/
 :: Spring Boot ::        (v2.1.2.RELEASE)

2019-01-24 20:07:58 [INFO ] c.e.h.s.SpringBootSoapServerApplicationTests - Starting SpringBootSoapServerApplicationTests on XCJ-NEWPC with PID 9852 (started by XCJ-NEWPC in C:\sts-4.1.0.RELEASE\workspace\spring-boot-soap-gradle)
2019-01-24 20:07:58 [INFO ] c.e.h.s.SpringBootSoapServerApplicationTests - No active profile set, falling back to default profiles: default
2019-01-24 20:07:59 [INFO ] o.s.c.s.PostProcessorRegistrationDelegate$BeanPostProcessorChecker - Bean 'config' of type [com.example.howtodoinjava.springbootsoapservice.Config$$EnhancerBySpringCGLIB$$16644a01] is not eligible for getting processed by all BeanPostProcessors (for example: not eligible for auto-proxying)
2019-01-24 20:07:59 [INFO ] o.s.c.s.PostProcessorRegistrationDelegate$BeanPostProcessorChecker - Bean 'org.springframework.ws.config.annotation.DelegatingWsConfiguration' of type [org.springframework.ws.config.annotation.DelegatingWsConfiguration$$EnhancerBySpringCGLIB$$e6208ff4] is not eligible for getting processed by all BeanPostProcessors (for example: not eligible for auto-proxying)
2019-01-24 20:07:59 [INFO ] o.s.w.s.a.s.AnnotationActionEndpointMapping - Supporting [WS-Addressing August 2004, WS-Addressing 1.0]
2019-01-24 20:08:00 [INFO ] o.s.s.c.ThreadPoolTaskExecutor - Initializing ExecutorService 'applicationTaskExecutor'
2019-01-24 20:08:01 [INFO ] c.e.h.s.SpringBootSoapServerApplicationTests - Started SpringBootSoapServerApplicationTests in 3.187 seconds (JVM running for 4.972)
]]></system-out>
  <system-err><![CDATA[]]></system-err>
</testsuite>
